{
  "RSpec": {
    "coverage": {
      "/Users/austink/Documents/turing_work/2mod/relational_rails_v2/config/environment.rb": {
        "lines": [
          null,
          1,
          null,
          null,
          1
        ]
      },
      "/Users/austink/Documents/turing_work/2mod/relational_rails_v2/config/application.rb": {
        "lines": [
          1,
          null,
          1,
          null,
          1,
          1,
          1,
          1,
          1,
          1,
          1,
          1,
          1,
          1,
          null,
          null,
          null,
          null,
          1,
          null,
          1,
          1,
          null,
          1,
          null,
          null,
          null,
          null,
          1,
          null,
          null,
          null,
          null,
          null,
          null,
          null,
          null,
          null,
          null,
          1,
          null,
          null
        ]
      },
      "/Users/austink/Documents/turing_work/2mod/relational_rails_v2/config/boot.rb": {
        "lines": [
          1,
          null,
          1,
          1
        ]
      },
      "/Users/austink/Documents/turing_work/2mod/relational_rails_v2/config/environments/test.rb": {
        "lines": [
          1,
          null,
          null,
          null,
          null,
          null,
          null,
          1,
          null,
          null,
          null,
          1,
          null,
          null,
          null,
          null,
          null,
          1,
          null,
          null,
          1,
          1,
          null,
          null,
          null,
          null,
          1,
          1,
          1,
          null,
          null,
          1,
          null,
          null,
          1,
          null,
          null,
          1,
          null,
          1,
          null,
          null,
          null,
          null,
          1,
          null,
          null,
          1,
          null,
          null,
          1,
          null,
          null,
          1,
          null,
          null,
          null,
          null,
          null,
          null,
          null,
          null,
          1,
          null
        ]
      },
      "/Users/austink/Documents/turing_work/2mod/relational_rails_v2/config/initializers/assets.rb": {
        "lines": [
          null,
          null,
          null,
          1,
          null,
          null,
          null,
          null,
          null,
          null,
          null,
          null
        ]
      },
      "/Users/austink/Documents/turing_work/2mod/relational_rails_v2/config/initializers/content_security_policy.rb": {
        "lines": [
          null,
          null,
          null,
          null,
          null,
          null,
          null,
          null,
          null,
          null,
          null,
          null,
          null,
          null,
          null,
          null,
          null,
          null,
          null,
          null,
          null,
          null,
          null,
          null,
          null
        ]
      },
      "/Users/austink/Documents/turing_work/2mod/relational_rails_v2/config/initializers/filter_parameter_logging.rb": {
        "lines": [
          null,
          null,
          null,
          null,
          null,
          1,
          null,
          null
        ]
      },
      "/Users/austink/Documents/turing_work/2mod/relational_rails_v2/config/initializers/inflections.rb": {
        "lines": [
          null,
          null,
          null,
          null,
          null,
          null,
          null,
          null,
          null,
          null,
          null,
          null,
          null,
          null,
          null,
          null
        ]
      },
      "/Users/austink/Documents/turing_work/2mod/relational_rails_v2/config/initializers/permissions_policy.rb": {
        "lines": [
          null,
          null,
          null,
          null,
          null,
          null,
          null,
          null,
          null,
          null,
          null,
          null,
          null
        ]
      },
      "/Users/austink/Documents/turing_work/2mod/relational_rails_v2/config/routes.rb": {
        "lines": [
          1,
          null,
          null,
          null,
          null,
          1,
          null,
          null,
          null,
          1,
          null,
          1,
          1,
          null
        ]
      },
      "/Users/austink/Documents/turing_work/2mod/relational_rails_v2/app/helpers/application_helper.rb": {
        "lines": [
          1,
          null
        ]
      },
      "/Users/austink/Documents/turing_work/2mod/relational_rails_v2/app/controllers/liquor_distilleries_controller.rb": {
        "lines": [
          1,
          1,
          1,
          null,
          null,
          1,
          1,
          null,
          null
        ]
      },
      "/Users/austink/Documents/turing_work/2mod/relational_rails_v2/app/controllers/application_controller.rb": {
        "lines": [
          1,
          null
        ]
      },
      "/Users/austink/Documents/turing_work/2mod/relational_rails_v2/spec/features/liquor_distilleries/show_spec.rb": {
        "lines": [
          1,
          null,
          1,
          1,
          1,
          1,
          null,
          1,
          null,
          1,
          null,
          null
        ]
      },
      "/Users/austink/Documents/turing_work/2mod/relational_rails_v2/spec/features/liquors/index_spec.rb": {
        "lines": [
          1,
          null,
          1,
          1,
          1,
          1,
          1,
          1,
          null,
          1,
          null,
          1,
          1,
          null,
          null,
          null
        ]
      },
      "/Users/austink/Documents/turing_work/2mod/relational_rails_v2/app/controllers/liquors_controller.rb": {
        "lines": [
          1,
          1,
          1,
          null,
          null
        ]
      },
      "/Users/austink/Documents/turing_work/2mod/relational_rails_v2/spec/features/liquors/show_spec.rb": {
        "lines": [
          1
        ]
      },
      "/Users/austink/Documents/turing_work/2mod/relational_rails_v2/spec/models/liquor_distillery_spec.rb": {
        "lines": [
          1,
          null,
          1,
          2,
          null
        ]
      },
      "/Users/austink/Documents/turing_work/2mod/relational_rails_v2/app/models/liquor_distillery.rb": {
        "lines": [
          1,
          1,
          null
        ]
      },
      "/Users/austink/Documents/turing_work/2mod/relational_rails_v2/app/models/application_record.rb": {
        "lines": [
          1,
          1,
          null
        ]
      },
      "/Users/austink/Documents/turing_work/2mod/relational_rails_v2/spec/models/liquor_spec.rb": {
        "lines": [
          1,
          null,
          1,
          2,
          null
        ]
      },
      "/Users/austink/Documents/turing_work/2mod/relational_rails_v2/app/models/liquor.rb": {
        "lines": [
          1,
          1,
          null,
          1,
          2,
          null,
          null
        ]
      }
    },
    "timestamp": 1720553543
  }
}
